2021-07-07 18:20:48,363 DEBUG client_decorator.py Имя функции - main; Аргументы функции - () & {}; Функция - main вызвана из функции - <module>
2021-07-07 18:20:48,363 WARNING client.py Установлены дефолтные значения ip адреса и порта
2021-07-07 18:20:48,367 DEBUG client_decorator.py Имя функции - create_presence_message; Аргументы функции - ('Guest',) & {}; Функция - create_presence_message вызвана из функции - main
2021-07-07 18:20:48,368 INFO client.py Создание сообщения для отправки на сервер
2021-07-07 18:20:48,368 INFO client.py Отправка сообщения серверу
2021-07-07 18:20:48,369 INFO client.py Сообщение от сервера: {'response': 200}
2021-07-07 18:20:48,369 DEBUG client_decorator.py Имя функции - handle_response; Аргументы функции - ({'response': 200},) & {}; Функция - handle_response вызвана из функции - main
2021-07-07 18:20:48,369 INFO client.py Обработка сообщения от сервера
2021-07-07 18:20:48,369 INFO client.py Успешная обработка сообщения от сервера
2021-07-07 18:20:48,369 INFO client.py Ответ от сервера: 200 : OK
2021-07-07 18:21:24,602 DEBUG client_decorator.py Имя функции - main; Аргументы функции - () & {}; Функция - main вызвана из функции - <module>
2021-07-07 18:21:24,602 WARNING client.py Установлены дефолтные значения ip адреса и порта
2021-07-07 18:21:24,607 DEBUG client_decorator.py Имя функции - create_presence_message; Аргументы функции - ('Guest',) & {}; Функция - create_presence_message вызвана из функции - main
2021-07-07 18:21:24,607 INFO client.py Создание сообщения для отправки на сервер
2021-07-07 18:21:24,607 INFO client.py Отправка сообщения серверу
2021-07-07 18:21:24,608 INFO client.py Сообщение от сервера: {'response': 200}
2021-07-07 18:21:24,609 DEBUG client_decorator.py Имя функции - handle_response; Аргументы функции - ({'response': 200},) & {}; Функция - handle_response вызвана из функции - main
2021-07-07 18:21:24,609 INFO client.py Обработка сообщения от сервера
2021-07-07 18:21:24,609 INFO client.py Успешная обработка сообщения от сервера
2021-07-07 18:21:24,609 INFO client.py Ответ от сервера: 200 : OK
